[12-Jul-2016 17:21:05 UTC] 23
[12-Jul-2016 17:21:05 UTC] new id: 1
[12-Jul-2016 17:21:05 UTC] new id: 2
[12-Jul-2016 17:21:05 UTC] update_modules_lessons
[12-Jul-2016 17:21:37 UTC] 23
[12-Jul-2016 17:21:38 UTC] 45
[12-Jul-2016 17:21:38 UTC] 35
[12-Jul-2016 17:21:39 UTC] 23
[12-Jul-2016 17:21:51 UTC] 23
[12-Jul-2016 17:21:52 UTC] 45
[12-Jul-2016 17:21:52 UTC] 35
[12-Jul-2016 17:21:52 UTC] 23
[12-Jul-2016 17:22:50 UTC] 23
[12-Jul-2016 17:22:52 UTC] 45
[12-Jul-2016 17:22:52 UTC] 35
[12-Jul-2016 17:22:52 UTC] 23
[12-Jul-2016 17:23:40 UTC] 23
[12-Jul-2016 17:23:42 UTC] 45
[12-Jul-2016 17:23:42 UTC] 35
[12-Jul-2016 17:23:42 UTC] 23
[12-Jul-2016 17:23:50 UTC] 23
[12-Jul-2016 17:23:51 UTC] 45
[12-Jul-2016 17:23:51 UTC] 35
[12-Jul-2016 17:23:51 UTC] 23
[12-Jul-2016 17:24:44 UTC] 23
[12-Jul-2016 17:24:45 UTC] 45
[12-Jul-2016 17:24:45 UTC] 35
[12-Jul-2016 17:24:45 UTC] 23
[12-Jul-2016 17:24:50 UTC] 23
[12-Jul-2016 17:24:51 UTC] 45
[12-Jul-2016 17:24:51 UTC] 35
[12-Jul-2016 17:24:51 UTC] 23
[12-Jul-2016 17:25:08 UTC] 23
[12-Jul-2016 17:25:09 UTC] 45
[12-Jul-2016 17:25:09 UTC] 35
[12-Jul-2016 17:25:09 UTC] 23
[12-Jul-2016 17:25:16 UTC] 23
[12-Jul-2016 17:25:17 UTC] 45
[12-Jul-2016 17:25:17 UTC] 35
[12-Jul-2016 17:25:18 UTC] 23
[12-Jul-2016 17:25:35 UTC] 23
[12-Jul-2016 17:25:36 UTC] 45
[12-Jul-2016 17:25:36 UTC] 35
[12-Jul-2016 17:25:36 UTC] 23
[12-Jul-2016 17:25:58 UTC] 45
[12-Jul-2016 17:25:58 UTC] 35
[12-Jul-2016 17:25:58 UTC] 23
[12-Jul-2016 17:25:59 UTC] 45
[12-Jul-2016 17:25:59 UTC] 35
[12-Jul-2016 17:26:00 UTC] 23
[12-Jul-2016 17:26:02 UTC] 23
[12-Jul-2016 17:26:03 UTC] 45
[12-Jul-2016 17:26:03 UTC] 35
[12-Jul-2016 17:26:03 UTC] 23
[12-Jul-2016 17:26:05 UTC] 23
[12-Jul-2016 17:26:06 UTC] 45
[12-Jul-2016 17:26:06 UTC] 35
[12-Jul-2016 17:26:06 UTC] 23
[12-Jul-2016 17:26:16 UTC] PHP Notice:  Undefined index: cid in /Users/chiragsharma/Documents/sites/yogacloud/wp-content/themes/yogacloud/single-modulos.php on line 6
[12-Jul-2016 17:26:16 UTC] 
[12-Jul-2016 17:26:16 UTC] PHP Warning:  Cannot modify header information - headers already sent by (output started at /Users/chiragsharma/Documents/sites/yogacloud/wp-content/themes/yogacloud/single-modulos.php:6) in /Users/chiragsharma/Documents/sites/yogacloud/wp-includes/pluggable.php on line 1167
[12-Jul-2016 17:26:17 UTC] 45
[12-Jul-2016 17:26:17 UTC] 35
[12-Jul-2016 17:26:18 UTC] 23
[12-Jul-2016 17:26:19 UTC] 45
[12-Jul-2016 17:26:19 UTC] 35
[12-Jul-2016 17:26:19 UTC] 23
[12-Jul-2016 17:26:22 UTC] 23
[12-Jul-2016 17:26:23 UTC] 45
[12-Jul-2016 17:26:23 UTC] 35
[12-Jul-2016 17:26:23 UTC] 23
[12-Jul-2016 17:26:24 UTC] 23
[12-Jul-2016 17:26:26 UTC] 45
[12-Jul-2016 17:26:26 UTC] 35
[12-Jul-2016 17:26:26 UTC] 23
[12-Jul-2016 17:26:27 UTC] 23
[12-Jul-2016 17:26:29 UTC] 45
[12-Jul-2016 17:26:29 UTC] 35
[12-Jul-2016 17:26:29 UTC] 23
[12-Jul-2016 17:26:31 UTC] 23
[12-Jul-2016 17:26:32 UTC] 45
[12-Jul-2016 17:26:32 UTC] 35
[12-Jul-2016 17:26:32 UTC] 23
[12-Jul-2016 17:27:10 UTC] 23
[12-Jul-2016 17:27:12 UTC] 45
[12-Jul-2016 17:27:12 UTC] 35
[12-Jul-2016 17:27:12 UTC] 23
[12-Jul-2016 17:27:35 UTC] PHP Notice:  Undefined index: cid in /Users/chiragsharma/Documents/sites/yogacloud/wp-content/themes/yogacloud/single-lecciones.php on line 9
[12-Jul-2016 17:27:35 UTC] 
[12-Jul-2016 17:27:35 UTC] PHP Notice:  Undefined index: mid in /Users/chiragsharma/Documents/sites/yogacloud/wp-content/themes/yogacloud/single-lecciones.php on line 10
[12-Jul-2016 17:27:35 UTC] 45
[12-Jul-2016 17:27:35 UTC] 35
[12-Jul-2016 17:27:36 UTC] 23
[12-Jul-2016 17:28:19 UTC] update_modules_lessons
[12-Jul-2016 17:28:31 UTC] update_modules_lessons
[12-Jul-2016 17:28:42 UTC] update_modules_lessons
[12-Jul-2016 17:28:42 UTC] 46
[12-Jul-2016 17:28:42 UTC] 48
[12-Jul-2016 17:28:42 UTC] 42
[12-Jul-2016 17:28:55 UTC] 23
[12-Jul-2016 17:28:55 UTC] update_modules_lessons
[12-Jul-2016 17:28:58 UTC] 23
[12-Jul-2016 17:29:00 UTC] 45
[12-Jul-2016 17:29:00 UTC] 35
[12-Jul-2016 17:29:00 UTC] 23
[12-Jul-2016 17:29:01 UTC] 23
[12-Jul-2016 17:29:02 UTC] 45
[12-Jul-2016 17:29:02 UTC] 35
[12-Jul-2016 17:29:02 UTC] 23
[12-Jul-2016 17:29:08 UTC] 23
[12-Jul-2016 17:29:09 UTC] 45
[12-Jul-2016 17:29:09 UTC] 35
[12-Jul-2016 17:29:09 UTC] 23
[12-Jul-2016 17:29:28 UTC] 23
[12-Jul-2016 17:29:29 UTC] 45
[12-Jul-2016 17:29:29 UTC] 35
[12-Jul-2016 17:29:30 UTC] 23
[12-Jul-2016 17:29:52 UTC] 23
[12-Jul-2016 17:29:54 UTC] 45
[12-Jul-2016 17:29:54 UTC] 35
[12-Jul-2016 17:29:54 UTC] 23
[12-Jul-2016 17:30:08 UTC] 23
[12-Jul-2016 17:30:09 UTC] 45
[12-Jul-2016 17:30:09 UTC] 35
[12-Jul-2016 17:30:09 UTC] 23
[12-Jul-2016 17:31:05 UTC] 23
[12-Jul-2016 17:31:07 UTC] 45
[12-Jul-2016 17:31:07 UTC] 35
[12-Jul-2016 17:31:07 UTC] 23
[12-Jul-2016 17:31:07 UTC] 23
[12-Jul-2016 17:31:09 UTC] 45
[12-Jul-2016 17:31:09 UTC] 35
[12-Jul-2016 17:31:09 UTC] 23
[12-Jul-2016 17:31:15 UTC] 23
[12-Jul-2016 17:31:18 UTC] 45
[12-Jul-2016 17:31:18 UTC] 35
[12-Jul-2016 17:31:18 UTC] 23
[12-Jul-2016 17:31:39 UTC] 23
[12-Jul-2016 17:31:40 UTC] 45
[12-Jul-2016 17:31:40 UTC] 35
[12-Jul-2016 17:31:40 UTC] 23
[12-Jul-2016 17:31:53 UTC] 23
[12-Jul-2016 17:31:54 UTC] 45
[12-Jul-2016 17:31:54 UTC] 35
[12-Jul-2016 17:31:54 UTC] 23
[12-Jul-2016 17:31:55 UTC] 23
[12-Jul-2016 17:31:56 UTC] 45
[12-Jul-2016 17:31:56 UTC] 35
[12-Jul-2016 17:31:57 UTC] 23
[12-Jul-2016 17:31:58 UTC] 23
[12-Jul-2016 17:31:59 UTC] 45
[12-Jul-2016 17:31:59 UTC] 35
[12-Jul-2016 17:31:59 UTC] 23
[12-Jul-2016 17:32:12 UTC] 23
[12-Jul-2016 17:32:13 UTC] 45
[12-Jul-2016 17:32:13 UTC] 35
[12-Jul-2016 17:32:14 UTC] 23
[12-Jul-2016 17:32:21 UTC] 23
[12-Jul-2016 17:32:22 UTC] 45
[12-Jul-2016 17:32:22 UTC] 35
[12-Jul-2016 17:32:22 UTC] 23
[12-Jul-2016 17:32:30 UTC] 23
[12-Jul-2016 17:32:31 UTC] 45
[12-Jul-2016 17:32:32 UTC] 35
[12-Jul-2016 17:32:32 UTC] 23
[12-Jul-2016 17:32:34 UTC] 23
[12-Jul-2016 17:32:35 UTC] 45
[12-Jul-2016 17:32:35 UTC] 35
[12-Jul-2016 17:32:36 UTC] 23
[12-Jul-2016 17:32:47 UTC] 45
[12-Jul-2016 17:32:47 UTC] 35
[12-Jul-2016 17:32:47 UTC] 23
[12-Jul-2016 17:32:50 UTC] 23
[12-Jul-2016 17:32:51 UTC] 45
[12-Jul-2016 17:32:51 UTC] 35
[12-Jul-2016 17:32:51 UTC] 23
[12-Jul-2016 17:32:55 UTC] 45
[12-Jul-2016 17:32:55 UTC] 35
[12-Jul-2016 17:32:55 UTC] 23
