07-13-2016 @ 06:08:55 - customers request: Array
(
    [email] => hola@pcuervo.com
    [description] => hola
)

07-13-2016 @ 06:08:56 - customers/cus_8oJAtBVLIKXsHb/sources request: Array
(
    [source] => tok_18WgYFAcc8OrTjWBjxKxZM2J
)

07-13-2016 @ 06:08:56 - customers/cus_8oJAtBVLIKXsHb request: Array
(
    [default_source] => card_18WgYFAcc8OrTjWBwfW9BGlt
)

07-13-2016 @ 06:08:57 - Info: Begin processing payment for order 216 for the amount of 890
07-13-2016 @ 06:08:57 - charges request: Array
(
    [currency] => mxn
    [amount] => 89000
    [description] => yogacloud - Pedido 216
    [capture] => true
    [expand[]] => balance_transaction
    [customer] => cus_8oJAtBVLIKXsHb
    [source] => card_18WgYFAcc8OrTjWBwfW9BGlt
)

07-13-2016 @ 06:08:57 - Processing response: stdClass Object
(
    [id] => ch_18WgYHAcc8OrTjWB7lNOnCj6
    [object] => charge
    [amount] => 89000
    [amount_refunded] => 0
    [application_fee] => 
    [balance_transaction] => stdClass Object
        (
            [id] => txn_18WgYHAcc8OrTjWBeO2iMIax
            [object] => balance_transaction
            [amount] => 4751
            [available_on] => 1468972800
            [created] => 1468390137
            [currency] => usd
            [description] => yogacloud - Pedido 216
            [fee] => 168
            [fee_details] => Array
                (
                    [0] => stdClass Object
                        (
                            [amount] => 168
                            [application] => 
                            [currency] => usd
                            [description] => Stripe processing fees
                            [type] => stripe_fee
                        )

                )

            [net] => 4583
            [source] => ch_18WgYHAcc8OrTjWB7lNOnCj6
            [sourced_transfers] => stdClass Object
                (
                    [object] => list
                    [data] => Array
                        (
                        )

                    [has_more] => 
                    [total_count] => 0
                    [url] => /v1/transfers?source_transaction=ch_18WgYHAcc8OrTjWB7lNOnCj6
                )

            [status] => pending
            [type] => charge
        )

    [captured] => 1
    [created] => 1468390137
    [currency] => mxn
    [customer] => cus_8oJAtBVLIKXsHb
    [description] => yogacloud - Pedido 216
    [destination] => 
    [dispute] => 
    [failure_code] => 
    [failure_message] => 
    [fraud_details] => stdClass Object
        (
        )

    [invoice] => 
    [livemode] => 
    [metadata] => stdClass Object
        (
        )

    [order] => 
    [paid] => 1
    [receipt_email] => 
    [receipt_number] => 
    [refunded] => 
    [refunds] => stdClass Object
        (
            [object] => list
            [data] => Array
                (
                )

            [has_more] => 
            [total_count] => 0
            [url] => /v1/charges/ch_18WgYHAcc8OrTjWB7lNOnCj6/refunds
        )

    [shipping] => 
    [source] => stdClass Object
        (
            [id] => card_18WgYFAcc8OrTjWBwfW9BGlt
            [object] => card
            [address_city] => Miguel Hidalgo
            [address_country] => MX
            [address_line1] => Agrarismo 52
            [address_line1_check] => pass
            [address_line2] => Escandón
            [address_state] => Distrito Federal
            [address_zip] => 11800
            [address_zip_check] => pass
            [brand] => Visa
            [country] => US
            [customer] => cus_8oJAtBVLIKXsHb
            [cvc_check] => pass
            [dynamic_last4] => 
            [exp_month] => 8
            [exp_year] => 2020
            [fingerprint] => uMowQPL1DWqwl1F1
            [funding] => credit
            [last4] => 4242
            [metadata] => stdClass Object
                (
                )

            [name] => Roberto Malagueña
            [tokenization_method] => 
        )

    [source_transfer] => 
    [statement_descriptor] => 
    [status] => succeeded
)

07-13-2016 @ 06:08:58 - Successful charge: ch_18WgYHAcc8OrTjWB7lNOnCj6
